 &plot nbnd=   8, nks=   191 /
            0.000000  0.000000  0.000000
   -8.019   13.994   13.994   13.994   19.405   19.405   19.405   26.835
           -0.025000  0.025000  0.000000
   -8.008   13.914   13.938   13.987   19.417   19.447   19.471   26.852
           -0.050000  0.050000  0.000000
   -7.989   13.624   13.768   13.941   19.432   19.486   19.628   26.851
           -0.075000  0.075000  0.000000
   -7.947   13.266   13.461   13.872   19.461   19.647   19.836   26.873
           -0.100000  0.100000  0.000000
   -7.868   12.803   13.128   13.819   19.545   19.888   20.156   26.920
           -0.125000  0.125000  0.000000
   -7.765   12.327   12.745   13.751   19.653   20.169   20.503   27.018
           -0.150000  0.150000  0.000000
   -7.654   11.755   12.225   13.547   19.716   20.457   20.805   26.960
           -0.175000  0.175000  0.000000
   -7.503   11.227   11.781   13.442   19.872   20.809   21.136   27.054
           -0.200000  0.200000  0.000000
   -7.331   10.688   11.312   13.321   20.051   21.143   21.440   27.139
           -0.225000  0.225000  0.000000
   -7.136   10.143   10.829   13.181   20.253   21.490   21.707   27.203
           -0.250000  0.250000  0.000000
   -6.918    9.598   10.339   13.024   20.479   21.850   21.932   27.241
           -0.275000  0.275000  0.000000
   -6.678    9.059    9.847   12.848   20.727   22.108   22.222   27.252
           -0.300000  0.300000  0.000000
   -6.409    8.535    9.374   12.656   21.035   22.280   22.636   27.243
           -0.325000  0.325000  0.000000
   -6.125    8.013    8.888   12.446   21.327   22.345   23.032   27.223
           -0.350000  0.350000  0.000000
   -5.818    7.503    8.410   12.222   21.640   22.354   23.442   27.207
           -0.375000  0.375000  0.000000
   -5.508    7.007    7.934   11.983   21.961   22.305   23.864   27.207
           -0.400000  0.400000  0.000000
   -5.160    6.526    7.478   11.733   22.202   22.315   24.305   27.234
           -0.425000  0.425000  0.000000
   -4.793    6.060    7.036   11.473   22.051   22.688   24.761   27.293
           -0.450000  0.450000  0.000000
   -4.406    5.611    6.610   11.206   21.858   23.079   25.233   27.385
           -0.475000  0.475000  0.000000
   -4.000    5.180    6.202   10.934   21.634   23.488   25.720   27.508
           -0.500000  0.500000  0.000000
   -3.611    4.758    5.790   10.596   21.379   23.837   26.169   27.638
           -0.525000  0.525000  0.000000
   -3.175    4.362    5.425   10.321   21.118   24.272   26.678   27.814
           -0.550000  0.550000  0.000000
   -2.726    3.985    5.084   10.048   20.848   24.720   27.191   28.012
           -0.575000  0.575000  0.000000
   -2.284    3.660    4.782    9.788   20.604   25.198   27.722   28.163
           -0.600000  0.600000  0.000000
   -1.819    3.320    4.499    9.525   20.333   25.666   28.161   28.389
           -0.625000  0.625000  0.000000
   -1.356    2.999    4.253    9.270   20.068   26.141   28.336   28.628
           -0.650000  0.650000  0.000000
   -0.903    2.699    4.048    8.994   19.812   26.620   27.904   28.722
           -0.675000  0.675000  0.000000
   -0.472    2.418    3.905    8.759   19.569   27.100   27.100   28.968
           -0.700000  0.700000  0.000000
   -0.082    2.158    3.835    8.536   19.339   26.178   27.577   29.219
           -0.725000  0.725000  0.000000
    0.248    1.919    3.857    8.327   19.125   25.223   28.048   29.473
           -0.750000  0.750000  0.000000
    0.497    1.700    3.987    8.134   18.926   24.265   28.508   29.726
           -0.775000  0.775000  0.000000
    0.662    1.502    4.225    7.956   18.745   23.321   28.953   29.976
           -0.800000  0.800000  0.000000
    0.759    1.343    4.624    7.821   18.588   22.475   29.466   30.258
           -0.825000  0.825000  0.000000
    0.793    1.183    5.010    7.677   18.431   21.584   29.861   30.456
           -0.850000  0.850000  0.000000
    0.792    1.047    5.448    7.550   18.304   20.750   30.222   30.678
           -0.875000  0.875000  0.000000
    0.771    0.932    5.894    7.442   18.196   19.985   30.543   30.882
           -0.900000  0.900000  0.000000
    0.734    0.838    6.314    7.353   18.108   19.305   30.696   31.060
           -0.925000  0.925000  0.000000
    0.705    0.764    6.665    7.284   18.037   18.736   30.912   31.139
           -0.950000  0.950000  0.000000
    0.683    0.712    6.962    7.234   17.988   18.304   31.071   31.248
           -0.975000  0.975000  0.000000
    0.663    0.668    7.124    7.201   17.949   18.032   31.168   31.179
           -1.000000  1.000000  0.000000
    0.658    0.658    7.191    7.191   17.939   17.939   31.201   31.201
           -1.000000  1.000000  0.033333
    0.122    1.205    7.201    7.201   17.800   18.103   31.162   31.162
           -1.000000  1.000000  0.066667
   -0.382    1.761    7.259    7.259   17.686   18.307   31.048   31.048
           -1.000000  1.000000  0.100000
   -0.895    2.326    7.309    7.309   17.594   18.522   30.862   30.862
           -1.000000  1.000000  0.133333
   -1.395    2.897    7.381    7.381   17.524   18.766   30.612   30.612
           -1.000000  1.000000  0.166667
   -1.880    3.481    7.478    7.478   17.476   19.089   30.316   30.316
           -1.000000  1.000000  0.200000
   -2.350    4.062    7.589    7.589   17.448   19.389   29.958   29.958
           -1.000000  1.000000  0.233333
   -2.804    4.644    7.721    7.721   17.439   19.719   29.559   29.559
           -1.000000  1.000000  0.266667
   -3.242    5.227    7.873    7.873   17.449   20.081   29.126   29.126
           -1.000000  1.000000  0.300000
   -3.663    5.756    8.044    8.044   17.427   20.474   28.655   28.655
           -1.000000  1.000000  0.333333
   -4.066    6.329    8.234    8.234   17.468   20.898   28.172   28.172
           -1.000000  1.000000  0.366667
   -4.451    6.897    8.443    8.443   17.523   21.352   27.672   27.672
           -1.000000  1.000000  0.400000
   -4.819    7.456    8.671    8.671   17.593   21.836   27.157   27.157
           -1.000000  1.000000  0.433333
   -5.167    8.006    8.916    8.916   17.676   22.346   26.632   26.632
           -1.000000  1.000000  0.466667
   -5.497    8.545    9.179    9.179   17.770   22.877   26.100   26.100
           -1.000000  1.000000  0.500000
   -5.807    9.070    9.458    9.458   17.875   23.426   25.562   25.562
           -1.000000  1.000000  0.533333
   -6.064    9.580    9.756    9.756   18.013   23.981   25.027   25.027
           -1.000000  1.000000  0.566667
   -6.338   10.065   10.065   10.073   18.137   24.486   24.486   24.532
           -1.000000  1.000000  0.600000
   -6.593   10.427   10.427   10.547   18.270   23.977   23.977   25.081
           -1.000000  1.000000  0.633333
   -6.827   10.762   10.762   10.999   18.403   23.438   23.438   25.570
           -1.000000  1.000000  0.666667
   -7.041   11.107   11.107   11.429   18.538   22.906   22.906   25.992
           -1.000000  1.000000  0.700000
   -7.240   11.456   11.456   11.832   18.588   22.354   22.354   26.325
           -1.000000  1.000000  0.733333
   -7.398   11.827   11.827   12.209   18.717   21.979   21.979   26.587
           -1.000000  1.000000  0.766667
   -7.552   12.185   12.185   12.551   18.838   21.481   21.481   26.725
           -1.000000  1.000000  0.800000
   -7.684   12.536   12.536   12.856   18.950   21.008   21.008   26.785
           -1.000000  1.000000  0.833333
   -7.797   12.941   12.941   13.198   19.051   20.575   20.575   26.919
           -1.000000  1.000000  0.866667
   -7.888   13.255   13.255   13.429   19.136   20.175   20.175   26.880
           -1.000000  1.000000  0.900000
   -7.959   13.530   13.530   13.643   19.205   19.834   19.834   26.848
           -1.000000  1.000000  0.933333
   -7.993   13.790   13.790   13.798   19.281   19.619   19.619   26.843
           -1.000000  1.000000  0.966667
   -8.009   13.944   13.944   13.966   19.393   19.464   19.464   26.850
           -1.000000  1.000000  1.000000
   -8.019   13.994   13.994   13.994   19.405   19.405   19.405   26.835
           -0.983333  0.983333  0.983333
   -8.012   13.929   13.979   13.979   19.425   19.425   19.445   26.847
           -0.966667  0.966667  0.966667
   -8.000   13.707   13.915   13.915   19.475   19.475   19.475   26.844
           -0.950000  0.950000  0.950000
   -7.974   13.365   13.825   13.825   19.545   19.545   19.620   26.856
           -0.933333  0.933333  0.933333
   -7.921   12.995   13.727   13.727   19.673   19.673   19.829   26.921
           -0.916667  0.916667  0.916667
   -7.864   12.492   13.579   13.579   19.761   19.761   20.050   26.911
           -0.900000  0.900000  0.900000
   -7.780   12.015   13.448   13.448   19.932   19.932   20.281   27.005
           -0.883333  0.883333  0.883333
   -7.681   11.502   13.305   13.305   20.119   20.119   20.506   27.118
           -0.866667  0.866667  0.866667
   -7.566   10.941   13.086   13.086   20.308   20.308   20.711   27.137
           -0.850000  0.850000  0.850000
   -7.436   10.386   12.930   12.930   20.508   20.508   20.907   27.275
           -0.833333  0.833333  0.833333
   -7.286    9.830   12.772   12.772   20.724   20.724   21.141   27.429
           -0.816667  0.816667  0.816667
   -7.126    9.251   12.615   12.615   20.919   20.919   21.295   27.594
           -0.800000  0.800000  0.800000
   -6.950    8.666   12.459   12.459   21.106   21.106   21.430   27.768
           -0.783333  0.783333  0.783333
   -6.760    8.078   12.308   12.308   21.280   21.280   21.547   27.947
           -0.766667  0.766667  0.766667
   -6.554    7.489   12.161   12.161   21.440   21.440   21.648   28.128
           -0.750000  0.750000  0.750000
   -6.334    6.902   12.020   12.020   21.582   21.582   21.735   28.307
           -0.733333  0.733333  0.733333
   -6.098    6.318   11.885   11.885   21.707   21.707   21.809   28.480
           -0.716667  0.716667  0.716667
   -5.849    5.740   11.759   11.759   21.814   21.814   21.873   28.643
           -0.700000  0.700000  0.700000
   -5.585    5.169   11.640   11.640   21.902   21.902   21.928   28.793
           -0.683333  0.683333  0.683333
   -5.308    4.605   11.529   11.529   21.973   21.973   21.975   28.926
           -0.666667  0.666667  0.666667
   -5.017    4.051   11.428   11.428   22.016   22.028   22.028   29.041
           -0.650000  0.650000  0.650000
   -4.714    3.509   11.335   11.335   22.051   22.070   22.070   29.138
           -0.633333  0.633333  0.633333
   -4.400    2.978   11.252   11.252   22.081   22.100   22.100   29.215
           -0.616667  0.616667  0.616667
   -4.125    2.454   11.171   11.171   22.082   22.082   22.107   29.268
           -0.600000  0.600000  0.600000
   -3.794    1.975   11.107   11.107   22.094   22.094   22.130   29.321
           -0.583333  0.583333  0.583333
   -3.471    1.480   11.052   11.052   22.097   22.097   22.139   29.332
           -0.566667  0.566667  0.566667
   -3.137    1.028   11.007   11.007   22.099   22.099   22.154   29.355
           -0.550000  0.550000  0.550000
   -2.815    0.614   10.972   10.972   22.100   22.100   22.167   29.369
           -0.533333  0.533333  0.533333
   -2.526    0.259   10.948   10.948   22.100   22.100   22.177   29.378
           -0.516667  0.516667  0.516667
   -2.310    0.003   10.933   10.933   22.099   22.099   22.185   29.382
           -0.500000  0.500000  0.500000
   -2.226   -0.094   10.941   10.941   22.102   22.102   22.218   29.437
           -0.483333  0.516667  0.483333
   -2.231   -0.077   10.865   10.922   22.082   22.129   22.237   29.444
           -0.466667  0.533333  0.466667
   -2.242   -0.027   10.751   10.835   22.016   22.211   22.295   29.428
           -0.450000  0.550000  0.450000
   -2.258    0.056   10.600   10.712   21.903   22.340   22.436   29.430
           -0.433333  0.566667  0.433333
   -2.274    0.171   10.408   10.609   21.758   22.530   22.652   29.436
           -0.416667  0.583333  0.416667
   -2.291    0.313   10.171   10.482   21.584   22.767   22.921   29.407
           -0.400000  0.600000  0.400000
   -2.303    0.479    9.896   10.336   21.386   23.048   23.238   29.317
           -0.383333  0.616667  0.383333
   -2.293    0.674    9.606   10.180   21.251   23.406   23.614   29.192
           -0.366667  0.633333  0.366667
   -2.294    0.880    9.274   10.005   21.021   23.761   24.005   28.924
           -0.350000  0.650000  0.350000
   -2.306    1.102    8.923    9.820   20.771   24.142   24.411   28.537
           -0.333333  0.666667  0.333333
   -2.297    1.329    8.553    9.630   20.524   24.518   24.853   28.062
           -0.316667  0.683333  0.316667
   -2.271    1.576    8.180    9.437   20.288   24.946   25.313   27.519
           -0.300000  0.700000  0.300000
   -2.226    1.862    7.841    9.245   20.073   25.402   25.798   26.965
           -0.283333  0.716667  0.283333
   -2.176    2.115    7.445    9.052   19.839   25.857   26.235   26.326
           -0.266667  0.733333  0.266667
   -2.102    2.381    7.076    8.861   19.623   25.663   26.343   26.657
           -0.250000  0.750000  0.250000
   -2.027    2.636    6.725    8.679   19.413   24.989   26.811   27.137
           -0.233333  0.766667  0.233333
   -1.938    2.875    6.400    8.503   19.213   24.313   27.278   27.612
           -0.216667  0.783333  0.216667
   -1.836    3.084    6.129    8.336   19.033   23.644   27.740   28.083
           -0.200000  0.800000  0.200000
   -1.721    3.237    5.908    8.178   18.857   22.984   28.191   28.535
           -0.183333  0.816667  0.183333
   -1.592    3.309    5.796    8.045   18.693   22.352   28.670   28.981
           -0.166667  0.833333  0.166667
   -1.449    3.276    5.801    7.907   18.549   21.750   29.096   29.391
           -0.150000  0.850000  0.150000
   -1.293    3.145    5.882    7.781   18.412   21.153   29.490   29.771
           -0.133333  0.866667  0.133333
   -1.124    2.937    6.033    7.661   18.283   20.571   29.844   30.106
           -0.116667  0.883333  0.116667
   -0.946    2.670    6.215    7.559   18.174   20.043   30.064   30.416
           -0.100000  0.900000  0.100000
   -0.752    2.393    6.417    7.470   18.080   19.561   30.356   30.656
           -0.083333  0.916667  0.083333
   -0.543    2.100    6.610    7.395   17.998   19.128   30.608   30.831
           -0.066667  0.933333  0.066667
   -0.322    1.805    6.806    7.333   17.939   18.759   30.819   31.015
           -0.050000  0.950000  0.050000
   -0.100    1.511    6.971    7.257   17.898   18.448   30.985   31.157
           -0.033333  0.966667  0.033333
    0.145    1.220    7.098    7.222   17.880   18.213   31.104   31.258
           -0.016667  0.983333  0.016667
    0.392    0.933    7.164    7.198   17.887   18.043   31.177   31.182
            0.000000  1.000000  0.000000
    0.658    0.658    7.191    7.191   17.939   17.939   31.201   31.201
           -0.016667  1.000000  0.000000
    0.660    0.660    7.184    7.184   17.950   17.950   31.195   31.195
           -0.033333  1.000000  0.000000
    0.665    0.665    7.166    7.166   17.985   17.985   31.177   31.177
           -0.050000  1.000000  0.000000
    0.674    0.674    7.134    7.134   18.042   18.042   31.146   31.146
           -0.066667  1.000000  0.000000
    0.689    0.689    7.093    7.093   18.123   18.123   31.169   31.169
           -0.083333  1.000000  0.000000
    0.704    0.704    7.039    7.039   18.224   18.224   31.112   31.112
           -0.100000  1.000000 -0.000000
    0.737    0.737    7.005    7.005   18.353   18.353   31.108   31.108
           -0.116667  1.000000 -0.000000
    0.758    0.758    6.931    6.931   18.493   18.493   31.023   31.023
           -0.133333  1.000000  0.000000
    0.783    0.783    6.849    6.849   18.653   18.653   30.922   30.922
           -0.150000  1.000000  0.000000
    0.811    0.811    6.759    6.759   18.830   18.830   30.807   30.807
           -0.166667  1.000000  0.000000
    0.841    0.841    6.664    6.664   19.024   19.024   30.675   30.675
           -0.183333  1.000000  0.000000
    0.875    0.875    6.562    6.562   19.234   19.234   30.528   30.528
           -0.200000  1.000000  0.000000
    0.913    0.913    6.482    6.482   19.462   19.462   30.428   30.428
           -0.216667  1.000000  0.000000
    0.944    0.944    6.364    6.364   19.693   19.693   30.218   30.218
           -0.233333  1.000000  0.000000
    0.984    0.984    6.254    6.254   19.942   19.942   30.021   30.021
           -0.250000  1.000000  0.000000
    1.026    1.026    6.143    6.143   20.203   20.203   29.808   29.808
           -0.266667  1.000000  0.000000
    1.068    1.068    6.031    6.031   20.475   20.475   29.580   29.580
           -0.283333  1.000000  0.000000
    1.112    1.112    5.921    5.921   20.756   20.756   29.338   29.338
           -0.300000  1.000000  0.000000
    1.156    1.156    5.814    5.814   21.045   21.045   29.083   29.083
           -0.316667  1.000000  0.000000
    1.200    1.200    5.709    5.709   21.341   21.341   28.816   28.816
           -0.333333  1.000000  0.000000
    1.244    1.244    5.609    5.609   21.643   21.643   28.538   28.538
           -0.350000  1.000000 -0.000000
    1.287    1.287    5.515    5.515   21.950   21.950   28.253   28.253
           -0.366667  1.000000  0.000000
    1.325    1.325    5.418    5.418   22.240   22.240   28.002   28.002
           -0.383333  1.000000  0.000000
    1.363    1.363    5.337    5.337   22.549   22.549   27.706   27.706
           -0.400000  1.000000  0.000000
    1.399    1.399    5.265    5.265   22.855   22.855   27.409   27.409
           -0.416667  1.000000  0.000000
    1.430    1.430    5.201    5.201   23.156   23.156   27.115   27.115
           -0.433333  1.000000  0.000000
    1.458    1.458    5.148    5.148   23.445   23.445   26.832   26.832
           -0.450000  1.000000  0.000000
    1.486    1.486    5.119    5.119   23.734   23.734   26.604   26.604
           -0.466667  1.000000  0.000000
    1.502    1.502    5.088    5.088   23.966   23.966   26.373   26.373
           -0.483333  1.000000  0.000000
    1.511    1.511    5.069    5.069   24.131   24.131   26.208   26.208
           -0.500000  1.000000  0.000000
    1.515    1.515    5.063    5.063   24.193   24.193   26.147   26.147
           -0.500000  0.983333  0.016667
    1.318    1.697    4.892    5.261   24.008   24.339   26.081   26.266
           -0.500000  0.966667  0.033333
    1.114    1.856    4.759    5.480   23.803   24.427   26.088   26.421
           -0.500000  0.950000  0.050000
    0.906    1.982    4.672    5.715   23.591   24.444   26.177   26.598
           -0.500000  0.933333  0.066667
    0.699    2.065    4.628    5.955   23.376   24.397   26.337   26.741
           -0.500000  0.916667  0.083333
    0.493    2.096    4.666    6.212   23.169   24.308   26.551   26.943
           -0.500000  0.900000  0.100000
    0.292    2.077    4.768    6.475   22.971   24.192   26.794   27.151
           -0.500000  0.883333  0.116667
    0.095    2.014    4.928    6.743   22.783   24.062   27.049   27.364
           -0.500000  0.866667  0.133333
   -0.098    1.899    5.132    7.033   22.599   23.923   27.257   27.552
           -0.500000  0.850000  0.150000
   -0.282    1.781    5.376    7.305   22.437   23.784   27.478   27.767
           -0.500000  0.833333  0.166667
   -0.459    1.649    5.649    7.578   22.290   23.646   27.649   27.980
           -0.500000  0.816667  0.183333
   -0.629    1.511    5.941    7.848   22.160   23.511   27.741   28.189
           -0.500000  0.800000  0.200000
   -0.791    1.370    6.250    8.116   22.047   23.380   27.721   28.392
           -0.500000  0.783333  0.216667
   -0.945    1.230    6.502    8.366   21.938   23.250   27.563   28.536
           -0.500000  0.766667  0.233333
   -1.085    1.098    6.856    8.629   21.865   23.162   27.372   28.735
           -0.500000  0.750000  0.250000
   -1.222    0.965    7.190    8.877   21.805   23.046   27.023   28.905
           -0.500000  0.733333  0.266667
   -1.351    0.838    7.528    9.115   21.763   22.936   26.619   29.059
           -0.500000  0.716667  0.283333
   -1.470    0.717    7.868    9.343   21.738   22.833   26.183   29.195
           -0.500000  0.700000  0.300000
   -1.594    0.590    8.195    9.537   21.699   22.682   25.683   29.270
           -0.500000  0.683333  0.316667
   -1.683    0.488    8.531    9.741   21.717   22.601   25.255   29.377
           -0.500000  0.666667  0.333333
   -1.778    0.390    8.860    9.929   21.739   22.519   24.806   29.451
           -0.500000  0.650000  0.350000
   -1.863    0.301    9.180   10.101   21.774   22.445   24.370   29.502
           -0.500000  0.633333  0.366667
   -1.932    0.210    9.484   10.256   21.814   22.378   23.963   29.544
           -0.500000  0.616667  0.383333
   -2.001    0.139    9.772   10.396   21.867   22.320   23.574   29.551
           -0.500000  0.600000  0.400000
   -2.064    0.076   10.028   10.517   21.874   22.268   23.219   29.520
           -0.500000  0.583333  0.416667
   -2.115    0.023   10.266   10.621   21.929   22.225   22.905   29.502
           -0.500000  0.566667  0.433333
   -2.156   -0.020   10.470   10.707   21.981   22.189   22.639   29.476
           -0.500000  0.550000  0.450000
   -2.187   -0.053   10.638   10.822   22.026   22.168   22.428   29.448
           -0.500000  0.533333  0.466667
   -2.210   -0.077   10.760   10.870   22.061   22.142   22.278   29.424
           -0.500000  0.516667  0.483333
   -2.223   -0.090   10.869   10.928   22.089   22.119   22.232   29.443
           -0.500000  0.500000  0.500000
   -2.226   -0.094   10.941   10.941   22.102   22.102   22.218   29.437
