MPI startup(): Warning: I_MPI_PMI_LIBRARY will be ignored since the hydra process manager was found
MPI startup(): Warning: I_MPI_PMI_LIBRARY will be ignored since the hydra process manager was found
MPI startup(): Warning: I_MPI_PMI_LIBRARY will be ignored since the hydra process manager was found
MPI startup(): Warning: I_MPI_PMI_LIBRARY will be ignored since the hydra process manager was found
MPI startup(): Warning: I_MPI_PMI_LIBRARY will be ignored since the hydra process manager was found
MPI startup(): Warning: I_MPI_PMI_LIBRARY will be ignored since the hydra process manager was found
MPI startup(): Warning: I_MPI_PMI_LIBRARY will be ignored since the hydra process manager was found
MPI startup(): Warning: I_MPI_PMI_LIBRARY will be ignored since the hydra process manager was found
MPI startup(): Warning: I_MPI_PMI_LIBRARY will be ignored since the hydra process manager was found
MPI startup(): Warning: I_MPI_PMI_LIBRARY will be ignored since the hydra process manager was found
MPI startup(): Warning: I_MPI_PMI_LIBRARY will be ignored since the hydra process manager was found
MPI startup(): Warning: I_MPI_PMI_LIBRARY will be ignored since the hydra process manager was found
MPI startup(): Warning: I_MPI_PMI_LIBRARY will be ignored since the hydra process manager was found
MPI startup(): Warning: I_MPI_PMI_LIBRARY will be ignored since the hydra process manager was found
MPI startup(): Warning: I_MPI_PMI_LIBRARY will be ignored since the hydra process manager was found
MPI startup(): Warning: I_MPI_PMI_LIBRARY will be ignored since the hydra process manager was found
MPI startup(): Warning: I_MPI_PMI_LIBRARY will be ignored since the hydra process manager was found
MPI startup(): Warning: I_MPI_PMI_LIBRARY will be ignored since the hydra process manager was found
MPI startup(): Warning: I_MPI_PMI_LIBRARY will be ignored since the hydra process manager was found
MPI startup(): Warning: I_MPI_PMI_LIBRARY will be ignored since the hydra process manager was found
MPI startup(): Warning: I_MPI_PMI_LIBRARY will be ignored since the hydra process manager was found
MPI startup(): Warning: I_MPI_PMI_LIBRARY will be ignored since the hydra process manager was found
MPI startup(): Warning: I_MPI_PMI_LIBRARY will be ignored since the hydra process manager was found
MPI startup(): Warning: I_MPI_PMI_LIBRARY will be ignored since the hydra process manager was found
MPI startup(): Warning: I_MPI_PMI_LIBRARY will be ignored since the hydra process manager was found
MPI startup(): Warning: I_MPI_PMI_LIBRARY will be ignored since the hydra process manager was found
MPI startup(): Warning: I_MPI_PMI_LIBRARY will be ignored since the hydra process manager was found
MPI startup(): Warning: I_MPI_PMI_LIBRARY will be ignored since the hydra process manager was found
MPI startup(): Warning: I_MPI_PMI_LIBRARY will be ignored since the hydra process manager was found
MPI startup(): Warning: I_MPI_PMI_LIBRARY will be ignored since the hydra process manager was found
MPI startup(): Warning: I_MPI_PMI_LIBRARY will be ignored since the hydra process manager was found
MPI startup(): Warning: I_MPI_PMI_LIBRARY will be ignored since the hydra process manager was found

     Program Q2R v.7.1 starts on 19Jul2024 at 14:30:39 

     This program is part of the open-source Quantum ESPRESSO suite
     for quantum simulation of materials; please cite
         "P. Giannozzi et al., J. Phys.:Condens. Matter 21 395502 (2009);
         "P. Giannozzi et al., J. Phys.:Condens. Matter 29 465901 (2017);
         "P. Giannozzi et al., J. Chem. Phys. 152 154105 (2020);
          URL http://www.quantum-espresso.org", 
     in publications or presentations arising from this work. More details at
     http://www.quantum-espresso.org/quote

     Parallel version (MPI), running on    32 processors

     MPI processes distributed on     1 nodes
     R & G space division:  proc/nbgrp/npool/nimage =      32
     2893 MiB available memory on the printing compute node when the environment starts
 

     reading grid info from file matdyn0    
  reading force constants from file matdyn1
 macroscopic fields = T
   5.85524   0.00000   0.00000
   0.00000   5.85524   0.00000
   0.00000   0.00000   5.85524
  na=            1
  -0.00683   0.00000   0.00000
   0.00000  -0.00683   0.00000
   0.00000   0.00000  -0.00683
  na=            2
  -0.00683   0.00000   0.00000
   0.00000  -0.00683   0.00000
   0.00000   0.00000  -0.00683
  nqs=            1
 q=   0.00000000  0.00000000  0.00000000
  reading force constants from file matdyn2
  nqs=            8
 q=  -0.25000000  0.25000000 -0.25000000
 q=   0.25000000 -0.25000000 -0.25000000
 q=   0.25000000 -0.25000000  0.25000000
 q=   0.25000000  0.25000000  0.25000000
 q=  -0.25000000 -0.25000000 -0.25000000
 q=  -0.25000000 -0.25000000  0.25000000
 q=  -0.25000000  0.25000000  0.25000000
 q=   0.25000000  0.25000000 -0.25000000
  reading force constants from file matdyn3
  nqs=            4
 q=   0.50000000 -0.50000000  0.50000000
 q=   0.50000000  0.50000000  0.50000000
 q=  -0.50000000  0.50000000  0.50000000
 q=   0.50000000  0.50000000 -0.50000000
  reading force constants from file matdyn4
  nqs=            6
 q=   0.00000000  0.50000000  0.00000000
 q=   0.00000000 -0.50000000  0.00000000
 q=   0.50000000  0.00000000  0.00000000
 q=   0.00000000  0.00000000  0.50000000
 q=   0.00000000  0.00000000 -0.50000000
 q=  -0.50000000  0.00000000  0.00000000
  reading force constants from file matdyn5
  nqs=           24
 q=   0.75000000 -0.25000000  0.75000000
 q=   0.75000000 -0.25000000 -0.75000000
 q=  -0.75000000 -0.25000000 -0.75000000
 q=  -0.75000000 -0.25000000  0.75000000
 q=  -0.75000000  0.25000000 -0.75000000
 q=  -0.25000000  0.75000000 -0.75000000
 q=  -0.75000000  0.75000000 -0.25000000
 q=   0.75000000  0.25000000  0.75000000
 q=  -0.75000000  0.25000000  0.75000000
 q=   0.75000000  0.25000000 -0.75000000
 q=  -0.75000000  0.75000000  0.25000000
 q=  -0.25000000  0.75000000  0.75000000
 q=   0.25000000  0.75000000 -0.75000000
 q=  -0.25000000 -0.75000000 -0.75000000
 q=   0.75000000  0.75000000 -0.25000000
 q=   0.75000000 -0.75000000  0.25000000
 q=  -0.75000000 -0.75000000 -0.25000000
 q=   0.25000000 -0.75000000  0.75000000
 q=  -0.75000000 -0.75000000  0.25000000
 q=   0.25000000  0.75000000  0.75000000
 q=  -0.25000000 -0.75000000  0.75000000
 q=   0.75000000  0.75000000  0.25000000
 q=   0.25000000 -0.75000000 -0.75000000
 q=   0.75000000 -0.75000000 -0.25000000
  reading force constants from file matdyn6
  nqs=           12
 q=   0.50000000  0.00000000  0.50000000
 q=  -0.50000000  0.00000000  0.50000000
 q=  -0.50000000  0.00000000 -0.50000000
 q=   0.50000000  0.00000000 -0.50000000
 q=   0.00000000  0.50000000 -0.50000000
 q=  -0.50000000  0.50000000  0.00000000
 q=   0.00000000  0.50000000  0.50000000
 q=   0.00000000 -0.50000000 -0.50000000
 q=   0.50000000  0.50000000  0.00000000
 q=   0.50000000 -0.50000000  0.00000000
 q=  -0.50000000 -0.50000000  0.00000000
 q=   0.00000000 -0.50000000  0.50000000
  reading force constants from file matdyn7
  nqs=            3
 q=   0.00000000 -1.00000000  0.00000000
 q=  -1.00000000  0.00000000  0.00000000
 q=   0.00000000  0.00000000 -1.00000000
  reading force constants from file matdyn8
  nqs=            6
 q=  -0.50000000 -1.00000000  0.00000000
 q=   0.00000000  1.00000000  0.50000000
 q=   0.00000000 -1.00000000 -0.50000000
 q=   0.50000000  1.00000000  0.00000000
 q=  -1.00000000 -0.50000000  0.00000000
 q=   0.00000000 -0.50000000 -1.00000000

      q-space grid ok, #points =   64

      fft-check success (sum of imaginary terms < 10^-12)
 
     Q2R          :      0.03s CPU      0.04s WALL

 
   This run was terminated on:  14:30:39  19Jul2024            

=------------------------------------------------------------------------------=
   JOB DONE.
=------------------------------------------------------------------------------=
